<?xml version="1.0" encoding="UTF-8"?>
<beans xmlns="http://www.springframework.org/schema/beans"
	xmlns:xsi="http://www.w3.org/2001/XMLSchema-instance" xmlns:util="http://www.springframework.org/schema/util"
	xsi:schemaLocation="http://www.springframework.org/schema/beans http://www.springframework.org/schema/beans/spring-beans-2.0.xsd
		http://www.springframework.org/schema/util http://www.springframework.org/schema/util/spring-util-2.0.xsd">

	<!-- Imports context -->
	<import resource="classpath:com/despegar/domain-context.xml" />
	
	
	<bean id="brandReadWriteDAO"
		class="com.despegar.framework.persistence.hibernate.dao.generic.GenericReadWriteObjectWLDDAO"
		parent="abstractHibernateDao">
		<property name="clazz" value="com.despegar.sobek.model.Brand" />
	</bean>
	
	<bean id="productReadWriteDAO"
		class="com.despegar.framework.persistence.hibernate.dao.generic.GenericReadWriteObjectWLDDAO"
		parent="abstractHibernateDao">
		<property name="clazz" value="com.despegar.sobek.model.Product" />
	</bean>
	
	<bean id="benefitCategoryReadWriteDAO"
		class="com.despegar.framework.persistence.hibernate.dao.generic.GenericReadWriteObjectWLDDAO"
		parent="abstractHibernateDao">
		<property name="clazz" value="com.despegar.sobek.model.BenefitCategory" />
	</bean>
	
	<bean id="benefitStatusReadWriteDAO"
		class="com.despegar.framework.persistence.hibernate.dao.generic.GenericReadWriteObjectWLDDAO"
		parent="abstractHibernateDao">
		<property name="clazz" value="com.despegar.sobek.model.BenefitStatus" />
	</bean>
	
	<bean id="languageReadWriteDAO"
		class="com.despegar.framework.persistence.hibernate.dao.generic.GenericReadWriteObjectWLDDAO"
		parent="abstractHibernateDao">
		<property name="clazz" value="com.despegar.sobek.model.Language" />
	</bean>
	
	<bean id="geoAreaReadWriteDAO"
		class="com.despegar.framework.persistence.hibernate.dao.generic.GenericReadWriteObjectWLDDAO"
		parent="abstractHibernateDao">
		<property name="clazz" value="com.despegar.sobek.model.GeoArea" />
	</bean>
</beans>
